<?xml version="1.0" encoding="UTF-8"?>
<testng-results ignored="0" total="1" passed="1" failed="0" skipped="0">
  <reporter-output>
  </reporter-output>
  <suite started-at="2026-09-18T15:16:07 IST" name="Default suite" finished-at="2026-09-18T15:16:11 IST" duration-ms="3395">
    <groups>
    </groups>
    <test started-at="2026-09-18T15:16:07 IST" name="Default test" finished-at="2026-09-18T15:16:11 IST" duration-ms="3395">
      <class name="com.automation.restassured.Postdata">
        <test-method signature="createData()[pri:0, instance:com.automation.restassured.Postdata@4f83df68]" started-at="2026-09-18T15:16:07 IST" name="createData" finished-at="2026-09-18T15:16:11 IST" duration-ms="3361" status="PASS">
          <reporter-output>
          </reporter-output>
        </test-method> <!-- createData -->
      </class> <!-- com.automation.restassured.Postdata -->
    </test> <!-- Default test -->
  </suite> <!-- Default suite -->
</testng-results>
