<?xml version="1.0" encoding="UTF-8"?>
<testng-results ignored="0" total="1" passed="1" failed="0" skipped="0">
  <reporter-output>
  </reporter-output>
  <suite started-at="2026-09-21T20:30:16 IST" name="Default suite" finished-at="2026-09-21T20:30:23 IST" duration-ms="7011">
    <groups>
    </groups>
    <test started-at="2026-09-21T20:30:16 IST" name="Default test" finished-at="2026-09-21T20:30:23 IST" duration-ms="7011">
      <class name="com.automation.restassured.TokenAndDelete">
        <test-method signature="postAuthDelete()[pri:0, instance:com.automation.restassured.TokenAndDelete@4f83df68]" started-at="2026-09-21T20:30:16 IST" name="postAuthDelete" finished-at="2026-09-21T20:30:23 IST" duration-ms="6979" status="PASS">
          <reporter-output>
          </reporter-output>
        </test-method> <!-- postAuthDelete -->
      </class> <!-- com.automation.restassured.TokenAndDelete -->
    </test> <!-- Default test -->
  </suite> <!-- Default suite -->
</testng-results>
